Starting project at /app/frontend
Starting Metro Bundler
The following packages should be updated for best compatibility with the installed expo version:
  @react-native-async-storage/async-storage@3.0.1 - expected version: 2.2.0
  expo-document-picker@55.0.8 - expected version: ~14.0.8
  @types/jest@30.0.0 - expected version: 29.5.14
  @types/react@18.2.79 - expected version: ~19.1.10
Your project may not work correctly until you install the expected versions of the packages.
Waiting on http://localhost:8081
Logs for your project will appear below.
Web node_modules/expo-router/entry.js ░░░░░░░░░░░░░░░░  0.0% (0/1)
Web node_modules/expo-router/entry.js ▓▓▓▓▓▓▓▓▓░░░░░░░ 56.3% ( 83/251)
Web node_modules/expo-router/entry.js ▓▓▓▓▓▓▓▓▓░░░░░░░ 56.3% (392/550)
Web Bundled 10071ms node_modules/expo-router/entry.js (909 modules)
 LOG  [web] Logs will appear in the browser console
Web node_modules/expo-router/entry.js ░░░░░░░░░░░░░░░░  0.0% (0/1)
Web Bundled 44ms node_modules/expo-router/entry.js (1 module)
 LOG  [web] Logs will appear in the browser console
Web node_modules/expo-router/entry.js ░░░░░░░░░░░░░░░░  0.0% (0/1)
Web Bundled 43ms node_modules/expo-router/entry.js (1 module)
 LOG  [web] Logs will appear in the browser console
